<?xml version="1.0" encoding="UTF-8"?>
<testsuite xmlns:xsi="http://www.w3.org/2001/XMLSchema-instance" xsi:noNamespaceSchemaLocation="https://maven.apache.org/surefire/maven-surefire-plugin/xsd/surefire-test-report-3.0.xsd" version="3.0" name="com.udacity.catpoint.service.SecurityServiceTest" time="11.125" tests="18" errors="0" skipped="0" failures="0">
  <properties>
[...]
</properties>
  <testcase name="updateSensors_systemArmed_deactivateAllSensors(ArmingStatus)[1]" classname="com.udacity.catpoint.service.SecurityServiceTest" time="7.023"/>
  <testcase name="updateSensors_systemArmed_deactivateAllSensors(ArmingStatus)[2]" classname="com.udacity.catpoint.service.SecurityServiceTest" time="0.033"/>
  <testcase name="changeAlarmState_sensorDeactivateWithInactive_noChangeToAlarmState(AlarmStatus)[1]" classname="com.udacity.catpoint.service.SecurityServiceTest" time="0.075"/>
  <testcase name="changeAlarmState_sensorDeactivateWithInactive_noChangeToAlarmState(AlarmStatus)[2]" classname="com.udacity.catpoint.service.SecurityServiceTest" time="0.033"/>
  <testcase name="changeAlarmState_sensorDeactivateWithInactive_noChangeToAlarmState(AlarmStatus)[3]" classname="com.udacity.catpoint.service.SecurityServiceTest" time="0.044"/>
  <testcase name="changeAlarmStatus_alarmAlreadyPendingAndSensorActivated_alarmStatusAlarm" classname="com.udacity.catpoint.service.SecurityServiceTest" time="0.044"/>
  <testcase name="changeAlarmStatus_alarmArmedAndSensorActivated_alarmStatusPending(ArmingStatus)[1]" classname="com.udacity.catpoint.service.SecurityServiceTest" time="0.057"/>
  <testcase name="changeAlarmStatus_alarmArmedAndSensorActivated_alarmStatusPending(ArmingStatus)[2]" classname="com.udacity.catpoint.service.SecurityServiceTest" time="0.033"/>
  <testcase name="addAndRemoveSensor" classname="com.udacity.catpoint.service.SecurityServiceTest" time="0.009"/>
  <testcase name="addAndRemoveStatusListener" classname="com.udacity.catpoint.service.SecurityServiceTest" time="0.017"/>
  <testcase name="changeAlarmState_systemActivatedWhileAlreadyActiveAndAlarmPending_changeToAlarmState" classname="com.udacity.catpoint.service.SecurityServiceTest" time="0.014"/>
  <testcase name="changeAlarmState_alarmActivateAndSensorStateChange_stateNotAffected" classname="com.udacity.catpoint.service.SecurityServiceTest" time="0.029"/>
  <testcase name="changeAlarmState_alarmActivateAndSensorStateChange_stateNotAffected" classname="com.udacity.catpoint.service.SecurityServiceTest" time="0.024"/>
  <testcase name="changeAlarmState_noCatImageIdentifiedAndSensorsAreInActive_changeToAlarmStatus" classname="com.udacity.catpoint.service.SecurityServiceTest" time="1.838"/>
  <testcase name="changeAlarmStatus_systemArmedHomeAndCatDetected_changeToAlarmStatus" classname="com.udacity.catpoint.service.SecurityServiceTest" time="0.016"/>
  <testcase name="changeAlarmState_imageContainingCatDetectedAndSystemArmed_changeToAlarmStatus" classname="com.udacity.catpoint.service.SecurityServiceTest" time="0.019"/>
  <testcase name="changeAlarmStatus_alarmPendingAndAllSensorsInactive_changeToNoAlarm" classname="com.udacity.catpoint.service.SecurityServiceTest" time="0.016"/>
  <testcase name="changeAlarmStatus_systemDisArmed_changeToAlarmStatus" classname="com.udacity.catpoint.service.SecurityServiceTest" time="0.009"/>
</testsuite>